  [1m[36m (309.6ms)[0m  [1mCREATE TABLE `schema_migrations` (`version` varchar(255) NOT NULL) ENGINE=InnoDB[0m
  [1m[35m (498.8ms)[0m  CREATE UNIQUE INDEX `unique_schema_migrations`  ON `schema_migrations` (`version`) 
  [1m[36mActiveRecord::SchemaMigration Load (0.6ms)[0m  [1mSELECT `schema_migrations`.* FROM `schema_migrations`[0m
Migrating to CreateBookings (20160401010600)
  [1m[35m (314.5ms)[0m  CREATE TABLE `bookings` (`id` int(11) auto_increment PRIMARY KEY, `name` varchar(255), `email` varchar(255), `phone` varchar(255), `pax` varchar(255), `pickup` varchar(255), `destiny` varchar(255), `hour` time, `ondate` date, `created_at` datetime NOT NULL, `updated_at` datetime NOT NULL) ENGINE=InnoDB
  [1m[36m (0.5ms)[0m  [1mBEGIN[0m
  [1m[35mSQL (0.5ms)[0m  INSERT INTO `schema_migrations` (`version`) VALUES ('20160401010600')
  [1m[36m (45.4ms)[0m  [1mCOMMIT[0m
  [1m[35mActiveRecord::SchemaMigration Load (0.9ms)[0m  SELECT `schema_migrations`.* FROM `schema_migrations`
  [1m[36m (0.9ms)[0m  [1mSELECT fk.referenced_table_name as 'to_table'
      ,fk.referenced_column_name as 'primary_key'
      ,fk.column_name as 'column'
      ,fk.constraint_name as 'name'
FROM information_schema.key_column_usage fk
WHERE fk.referenced_column_name is not null
  AND fk.table_schema = 'prestige_webapp_development'
  AND fk.table_name = 'bookings'
[0m
  [1m[35m (0.4ms)[0m  SHOW CREATE TABLE `bookings`


Started GET "/" for 127.0.0.1 at 2016-03-31 20:38:03 -0430
  [1m[36mActiveRecord::SchemaMigration Load (0.9ms)[0m  [1mSELECT `schema_migrations`.* FROM `schema_migrations`[0m
Processing by Rails::WelcomeController#index as HTML
  Rendered /home/maria/.rbenv/versions/2.3.0/lib/ruby/gems/2.3.0/gems/railties-4.2.5/lib/rails/templates/rails/welcome/index.html.erb (3.6ms)
Completed 200 OK in 85ms (Views: 61.0ms | ActiveRecord: 0.0ms)


Started GET "/bookings/create" for 127.0.0.1 at 2016-03-31 21:06:41 -0430
Processing by BookingsController#show as HTML
  Parameters: {"id"=>"create"}
  [1m[35mBooking Load (0.6ms)[0m  SELECT  `bookings`.* FROM `bookings` WHERE `bookings`.`id` = 0 LIMIT 1
Completed 404 Not Found in 86ms (ActiveRecord: 5.2ms)

ActiveRecord::RecordNotFound (Couldn't find Booking with 'id'=create):
  app/controllers/bookings_controller.rb:67:in `set_booking'


  Rendered /home/maria/.rbenv/versions/2.3.0/lib/ruby/gems/2.3.0/gems/actionpack-4.2.5/lib/action_dispatch/middleware/templates/rescues/_source.erb (18.3ms)
  Rendered /home/maria/.rbenv/versions/2.3.0/lib/ruby/gems/2.3.0/gems/actionpack-4.2.5/lib/action_dispatch/middleware/templates/rescues/_trace.html.erb (13.9ms)
  Rendered /home/maria/.rbenv/versions/2.3.0/lib/ruby/gems/2.3.0/gems/actionpack-4.2.5/lib/action_dispatch/middleware/templates/rescues/_request_and_response.html.erb (2.2ms)
  Rendered /home/maria/.rbenv/versions/2.3.0/lib/ruby/gems/2.3.0/gems/actionpack-4.2.5/lib/action_dispatch/middleware/templates/rescues/diagnostics.html.erb within rescues/layout (84.6ms)
  Rendered /home/maria/.rbenv/versions/2.3.0/lib/ruby/gems/2.3.0/gems/web-console-2.3.0/lib/web_console/templates/_markup.html.erb (1.1ms)
  Rendered /home/maria/.rbenv/versions/2.3.0/lib/ruby/gems/2.3.0/gems/web-console-2.3.0/lib/web_console/templates/_inner_console_markup.html.erb within layouts/inlined_string (0.9ms)
  Rendered /home/maria/.rbenv/versions/2.3.0/lib/ruby/gems/2.3.0/gems/web-console-2.3.0/lib/web_console/templates/_prompt_box_markup.html.erb within layouts/inlined_string (0.8ms)
  Rendered /home/maria/.rbenv/versions/2.3.0/lib/ruby/gems/2.3.0/gems/web-console-2.3.0/lib/web_console/templates/style.css.erb within layouts/inlined_string (0.9ms)
  Rendered /home/maria/.rbenv/versions/2.3.0/lib/ruby/gems/2.3.0/gems/web-console-2.3.0/lib/web_console/templates/console.js.erb within layouts/javascript (105.3ms)
  Rendered /home/maria/.rbenv/versions/2.3.0/lib/ruby/gems/2.3.0/gems/web-console-2.3.0/lib/web_console/templates/main.js.erb within layouts/javascript (3.3ms)
  Rendered /home/maria/.rbenv/versions/2.3.0/lib/ruby/gems/2.3.0/gems/web-console-2.3.0/lib/web_console/templates/error_page.js.erb within layouts/javascript (1.0ms)
  Rendered /home/maria/.rbenv/versions/2.3.0/lib/ruby/gems/2.3.0/gems/web-console-2.3.0/lib/web_console/templates/index.html.erb (179.7ms)


Started GET "/bookings/new" for 127.0.0.1 at 2016-03-31 21:07:15 -0430
Processing by BookingsController#new as HTML
  Rendered bookings/_form.html.erb (94.7ms)
  Rendered bookings/new.html.erb within layouts/application (97.7ms)
Completed 200 OK in 3103ms (Views: 3062.6ms | ActiveRecord: 0.0ms)


Started GET "/assets/bookings.self-e3b0c44298fc1c149afbf4c8996fb92427ae41e4649b934ca495991b7852b855.css?body=1" for 127.0.0.1 at 2016-03-31 21:07:19 -0430


Started GET "/assets/scaffolds.self-0251b5449ce9bb23cc4b85cdf1d51bbab9c976d8118f0c6347a4c7889db67329.css?body=1" for 127.0.0.1 at 2016-03-31 21:07:19 -0430


Started GET "/assets/application.self-e80e8f2318043e8af94dddc2adad5a4f09739a8ebb323b3ab31cd71d45fd9113.css?body=1" for 127.0.0.1 at 2016-03-31 21:07:19 -0430


Started GET "/assets/jquery.self-660adc51e0224b731d29f575a6f1ec167ba08ad06ed5deca4f1e8654c135bf4c.js?body=1" for 127.0.0.1 at 2016-03-31 21:07:19 -0430


Started GET "/assets/jquery_ujs.self-e87806d0cf4489aeb1bb7288016024e8de67fd18db693fe026fe3907581e53cd.js?body=1" for 127.0.0.1 at 2016-03-31 21:07:19 -0430


Started GET "/assets/bookings.self-877aef30ae1b040ab8a3aba4e3e309a11d7f2612f44dde450b5c157aa5f95c05.js?body=1" for 127.0.0.1 at 2016-03-31 21:07:19 -0430


Started GET "/assets/turbolinks.self-c37727e9bd6b2735da5c311aa83fead54ed0be6cc8bd9a65309e9c5abe2cbfff.js?body=1" for 127.0.0.1 at 2016-03-31 21:07:19 -0430


Started GET "/assets/application.self-3b8dabdc891efe46b9a144b400ad69e37d7e5876bdc39dee783419a69d7ca819.js?body=1" for 127.0.0.1 at 2016-03-31 21:07:19 -0430


Started POST "/bookings" for 127.0.0.1 at 2016-03-31 21:08:00 -0430
Processing by BookingsController#create as HTML
  Parameters: {"utf8"=>"✓", "authenticity_token"=>"8Vs8ydXTXIqvs+jttSq7rMh4D/zozK5OJJQlk0XZITroHcrVz96wrjSfVhGVrBGOrOTyYssIJXB81G2V8hk7sA==", "booking"=>{"name"=>"Jonnas", "email"=>"mjcanache@gmail.com", "phone"=>"83837373", "pax"=>"2", "pickup"=>"airport", "destiny"=>"beach", "hour(1i)"=>"2016", "hour(2i)"=>"4", "hour(3i)"=>"1", "hour(4i)"=>"01", "hour(5i)"=>"37", "ondate(1i)"=>"2016", "ondate(2i)"=>"4", "ondate(3i)"=>"1"}, "commit"=>"Create Booking"}
  [1m[36m (0.3ms)[0m  [1mBEGIN[0m
  [1m[35mSQL (0.9ms)[0m  INSERT INTO `bookings` (`name`, `email`, `phone`, `pax`, `pickup`, `destiny`, `hour`, `ondate`, `created_at`, `updated_at`) VALUES ('Jonnas', 'mjcanache@gmail.com', '83837373', '2', 'airport', 'beach', '2016-04-01 01:37:00.000000', '2016-04-01', '2016-04-01 01:38:00', '2016-04-01 01:38:00')
  [1m[36m (53.3ms)[0m  [1mCOMMIT[0m
Redirected to http://localhost:3000/bookings/1
Completed 302 Found in 69ms (ActiveRecord: 54.5ms)


Started GET "/bookings/1" for 127.0.0.1 at 2016-03-31 21:08:00 -0430
Processing by BookingsController#show as HTML
  Parameters: {"id"=>"1"}
  [1m[35mBooking Load (1.1ms)[0m  SELECT  `bookings`.* FROM `bookings` WHERE `bookings`.`id` = 1 LIMIT 1
  Rendered bookings/show.html.erb within layouts/application (4.9ms)
Completed 200 OK in 56ms (Views: 51.0ms | ActiveRecord: 1.1ms)


Started GET "/bookings/1/edit" for 127.0.0.1 at 2016-03-31 21:08:09 -0430
Processing by BookingsController#edit as HTML
  Parameters: {"id"=>"1"}
  [1m[36mBooking Load (3.2ms)[0m  [1mSELECT  `bookings`.* FROM `bookings` WHERE `bookings`.`id` = 1 LIMIT 1[0m
  Rendered bookings/_form.html.erb (27.0ms)
  Rendered bookings/edit.html.erb within layouts/application (30.4ms)
Completed 200 OK in 81ms (Views: 72.4ms | ActiveRecord: 3.2ms)


Started PATCH "/bookings/1" for 127.0.0.1 at 2016-03-31 21:08:14 -0430
Processing by BookingsController#update as HTML
  Parameters: {"utf8"=>"✓", "authenticity_token"=>"ZZOo0RrHs98WRgdJoWTzpNyA277Q+wIID6ZpUvygR8R81V7NAMpf+41qubWB4lmGuBwmIPM/iTZX5iFUS2BdTg==", "booking"=>{"name"=>"Jonnas", "email"=>"mjcanache@gmail.com", "phone"=>"83837373", "pax"=>"2", "pickup"=>"airport", "destiny"=>"beachy", "hour(1i)"=>"2000", "hour(2i)"=>"1", "hour(3i)"=>"1", "hour(4i)"=>"01", "hour(5i)"=>"37", "ondate(1i)"=>"2016", "ondate(2i)"=>"4", "ondate(3i)"=>"1"}, "commit"=>"Update Booking", "id"=>"1"}
  [1m[35mBooking Load (0.7ms)[0m  SELECT  `bookings`.* FROM `bookings` WHERE `bookings`.`id` = 1 LIMIT 1
  [1m[36m (0.3ms)[0m  [1mBEGIN[0m
  [1m[35mSQL (0.7ms)[0m  UPDATE `bookings` SET `destiny` = 'beachy', `updated_at` = '2016-04-01 01:38:14' WHERE `bookings`.`id` = 1
  [1m[36m (97.5ms)[0m  [1mCOMMIT[0m
Redirected to http://localhost:3000/bookings/1
Completed 302 Found in 129ms (ActiveRecord: 99.1ms)


Started GET "/bookings/1" for 127.0.0.1 at 2016-03-31 21:08:15 -0430
Processing by BookingsController#show as HTML
  Parameters: {"id"=>"1"}
  [1m[35mBooking Load (0.8ms)[0m  SELECT  `bookings`.* FROM `bookings` WHERE `bookings`.`id` = 1 LIMIT 1
  Rendered bookings/show.html.erb within layouts/application (1.3ms)
Completed 200 OK in 77ms (Views: 73.7ms | ActiveRecord: 0.8ms)


Started GET "/bookings/" for 127.0.0.1 at 2016-03-31 21:22:56 -0430
Processing by BookingsController#index as HTML
  [1m[36mBooking Load (0.7ms)[0m  [1mSELECT `bookings`.* FROM `bookings`[0m
  Rendered bookings/index.html.erb within layouts/application (5.7ms)
Completed 200 OK in 63ms (Views: 60.3ms | ActiveRecord: 0.7ms)


Started GET "/bookings/new" for 127.0.0.1 at 2016-03-31 21:23:11 -0430
Processing by BookingsController#new as HTML
  Rendered bookings/_form.html.erb (29.3ms)
  Rendered bookings/new.html.erb within layouts/application (33.0ms)
Completed 200 OK in 93ms (Views: 91.0ms | ActiveRecord: 0.0ms)


Started GET "/bookings/new" for 127.0.0.1 at 2016-03-31 22:18:43 -0430
Processing by BookingsController#new as HTML
Completed 500 Internal Server Error in 6ms (ActiveRecord: 0.0ms)

SyntaxError (/home/maria/prestige_webapp/app/models/booking.rb:12: syntax error, unexpected tSTRING_DEND, expecting keyword_end):
  app/models/booking.rb:12: syntax error, unexpected tSTRING_DEND, expecting keyword_end
  app/controllers/bookings_controller.rb:17:in `new'


  Rendered /home/maria/.rbenv/versions/2.3.0/lib/ruby/gems/2.3.0/gems/actionpack-4.2.5/lib/action_dispatch/middleware/templates/rescues/_source.erb (19.7ms)
  Rendered /home/maria/.rbenv/versions/2.3.0/lib/ruby/gems/2.3.0/gems/actionpack-4.2.5/lib/action_dispatch/middleware/templates/rescues/_trace.html.erb (14.2ms)
  Rendered /home/maria/.rbenv/versions/2.3.0/lib/ruby/gems/2.3.0/gems/actionpack-4.2.5/lib/action_dispatch/middleware/templates/rescues/_request_and_response.html.erb (2.4ms)
  Rendered /home/maria/.rbenv/versions/2.3.0/lib/ruby/gems/2.3.0/gems/actionpack-4.2.5/lib/action_dispatch/middleware/templates/rescues/diagnostics.html.erb within rescues/layout (88.7ms)
  Rendered /home/maria/.rbenv/versions/2.3.0/lib/ruby/gems/2.3.0/gems/web-console-2.3.0/lib/web_console/templates/_markup.html.erb (0.9ms)
  Rendered /home/maria/.rbenv/versions/2.3.0/lib/ruby/gems/2.3.0/gems/web-console-2.3.0/lib/web_console/templates/_inner_console_markup.html.erb within layouts/inlined_string (1.0ms)
  Rendered /home/maria/.rbenv/versions/2.3.0/lib/ruby/gems/2.3.0/gems/web-console-2.3.0/lib/web_console/templates/_prompt_box_markup.html.erb within layouts/inlined_string (0.9ms)
  Rendered /home/maria/.rbenv/versions/2.3.0/lib/ruby/gems/2.3.0/gems/web-console-2.3.0/lib/web_console/templates/style.css.erb within layouts/inlined_string (0.8ms)
  Rendered /home/maria/.rbenv/versions/2.3.0/lib/ruby/gems/2.3.0/gems/web-console-2.3.0/lib/web_console/templates/console.js.erb within layouts/javascript (68.7ms)
  Rendered /home/maria/.rbenv/versions/2.3.0/lib/ruby/gems/2.3.0/gems/web-console-2.3.0/lib/web_console/templates/main.js.erb within layouts/javascript (0.7ms)
  Rendered /home/maria/.rbenv/versions/2.3.0/lib/ruby/gems/2.3.0/gems/web-console-2.3.0/lib/web_console/templates/error_page.js.erb within layouts/javascript (0.9ms)
  Rendered /home/maria/.rbenv/versions/2.3.0/lib/ruby/gems/2.3.0/gems/web-console-2.3.0/lib/web_console/templates/index.html.erb (130.7ms)


Started GET "/bookings/new" for 127.0.0.1 at 2016-03-31 22:19:32 -0430
Processing by BookingsController#new as HTML
Completed 500 Internal Server Error in 4ms (ActiveRecord: 0.0ms)

SyntaxError (/home/maria/prestige_webapp/app/models/booking.rb:12: syntax error, unexpected tSTRING_DEND, expecting keyword_end):
  app/models/booking.rb:12: syntax error, unexpected tSTRING_DEND, expecting keyword_end
  app/controllers/bookings_controller.rb:17:in `new'


  Rendered /home/maria/.rbenv/versions/2.3.0/lib/ruby/gems/2.3.0/gems/actionpack-4.2.5/lib/action_dispatch/middleware/templates/rescues/_source.erb (14.8ms)
  Rendered /home/maria/.rbenv/versions/2.3.0/lib/ruby/gems/2.3.0/gems/actionpack-4.2.5/lib/action_dispatch/middleware/templates/rescues/_trace.html.erb (9.9ms)
  Rendered /home/maria/.rbenv/versions/2.3.0/lib/ruby/gems/2.3.0/gems/actionpack-4.2.5/lib/action_dispatch/middleware/templates/rescues/_request_and_response.html.erb (2.2ms)
  Rendered /home/maria/.rbenv/versions/2.3.0/lib/ruby/gems/2.3.0/gems/actionpack-4.2.5/lib/action_dispatch/middleware/templates/rescues/diagnostics.html.erb within rescues/layout (66.3ms)
  Rendered /home/maria/.rbenv/versions/2.3.0/lib/ruby/gems/2.3.0/gems/web-console-2.3.0/lib/web_console/templates/_markup.html.erb (1.4ms)
  Rendered /home/maria/.rbenv/versions/2.3.0/lib/ruby/gems/2.3.0/gems/web-console-2.3.0/lib/web_console/templates/_inner_console_markup.html.erb within layouts/inlined_string (0.9ms)
  Rendered /home/maria/.rbenv/versions/2.3.0/lib/ruby/gems/2.3.0/gems/web-console-2.3.0/lib/web_console/templates/_prompt_box_markup.html.erb within layouts/inlined_string (1.2ms)
  Rendered /home/maria/.rbenv/versions/2.3.0/lib/ruby/gems/2.3.0/gems/web-console-2.3.0/lib/web_console/templates/style.css.erb within layouts/inlined_string (0.9ms)
  Rendered /home/maria/.rbenv/versions/2.3.0/lib/ruby/gems/2.3.0/gems/web-console-2.3.0/lib/web_console/templates/console.js.erb within layouts/javascript (48.7ms)
  Rendered /home/maria/.rbenv/versions/2.3.0/lib/ruby/gems/2.3.0/gems/web-console-2.3.0/lib/web_console/templates/main.js.erb within layouts/javascript (1.0ms)
  Rendered /home/maria/.rbenv/versions/2.3.0/lib/ruby/gems/2.3.0/gems/web-console-2.3.0/lib/web_console/templates/error_page.js.erb within layouts/javascript (2.8ms)
  Rendered /home/maria/.rbenv/versions/2.3.0/lib/ruby/gems/2.3.0/gems/web-console-2.3.0/lib/web_console/templates/index.html.erb (104.1ms)


Started GET "/bookings/new" for 127.0.0.1 at 2016-03-31 22:20:09 -0430
Processing by BookingsController#new as HTML
  Rendered bookings/_form.html.erb (24.6ms)
  Rendered bookings/new.html.erb within layouts/application (27.0ms)
Completed 200 OK in 190ms (Views: 97.5ms | ActiveRecord: 68.8ms)


Started GET "/assets/bookings.self-e3b0c44298fc1c149afbf4c8996fb92427ae41e4649b934ca495991b7852b855.css?body=1" for 127.0.0.1 at 2016-03-31 22:20:10 -0430


Started GET "/assets/scaffolds.self-0251b5449ce9bb23cc4b85cdf1d51bbab9c976d8118f0c6347a4c7889db67329.css?body=1" for 127.0.0.1 at 2016-03-31 22:20:10 -0430


Started GET "/assets/application.self-e80e8f2318043e8af94dddc2adad5a4f09739a8ebb323b3ab31cd71d45fd9113.css?body=1" for 127.0.0.1 at 2016-03-31 22:20:10 -0430


Started GET "/assets/bookings.self-877aef30ae1b040ab8a3aba4e3e309a11d7f2612f44dde450b5c157aa5f95c05.js?body=1" for 127.0.0.1 at 2016-03-31 22:20:10 -0430


Started GET "/assets/jquery_ujs.self-e87806d0cf4489aeb1bb7288016024e8de67fd18db693fe026fe3907581e53cd.js?body=1" for 127.0.0.1 at 2016-03-31 22:20:10 -0430


Started GET "/assets/jquery.self-660adc51e0224b731d29f575a6f1ec167ba08ad06ed5deca4f1e8654c135bf4c.js?body=1" for 127.0.0.1 at 2016-03-31 22:20:10 -0430


Started GET "/assets/turbolinks.self-c37727e9bd6b2735da5c311aa83fead54ed0be6cc8bd9a65309e9c5abe2cbfff.js?body=1" for 127.0.0.1 at 2016-03-31 22:20:10 -0430


Started GET "/assets/application.self-3b8dabdc891efe46b9a144b400ad69e37d7e5876bdc39dee783419a69d7ca819.js?body=1" for 127.0.0.1 at 2016-03-31 22:20:10 -0430
